<?xml version="1.0" encoding="UTF-8"?>
<testng-results skipped="1" failed="0" total="1" passed="0">
  <reporter-output>
  </reporter-output>
  <suite name="com.org.sampleTest.Test1" duration-ms="81815" started-at="2015-10-29T17:11:05Z" finished-at="2015-10-29T17:12:26Z">
    <groups>
    </groups>
    <test name="Command line test" duration-ms="81815" started-at="2015-10-29T17:11:05Z" finished-at="2015-10-29T17:12:26Z">
      <class name="com.org.sampleTest.Test1">
        <test-method status="FAIL" signature="initTest()" name="initTest" is-config="true" duration-ms="0" started-at="2015-10-29T17:11:05Z" finished-at="2015-10-29T17:11:05Z">
          <exception class="org.openqa.selenium.WebDriverException">
            <message>
              <![CDATA[Failed to connect to binary FirefoxBinary(C:\Program Files (x86)\Mozilla Firefox\firefox.exe) on port 7055; process output follows: 
"version":"10.2.0.187","type":"extension","internalName":null,"updateURL":"http://firefoxplugin.ff.avast.com/aos/updates.rdf?id=%ITEM_ID%&status=%ITEM_STATUS%&os=%APP_OS%","updateKey":"MIGfMA0GCSqGSIb3DQEBAQUAA4GNADCBiQKBgQDc6F6CPnst0FEpMpqBguj6WJgVaJXY+5FVWXPVZc2o/tv83KHmeMBjy9z8JCerdDVHCKGOHWRO8XWEpaxhdyfsek3wABigweRHlRFNHZxFhSzqJfIbkNVmfzKF2kPjoi881h0V4EqrnGjSIPjW7E5NPM0UH14hqauQaKH66lK5LQIDAQAB","optionsURL":null,"optionsType":null,"aboutURL":null,"iconURL":"chrome://wrc/content/common/skin/img/icon48.png","icon64URL":"chrome://wrc/content/common/skin/img/icon64.png","defaultLocale":{"name":"Avast Online Security","description":"Avast Browser Security and Web Reputation Plugin. Offering protection against known phishing and malware sites, improving your browsing overall browsing experience with crowd sourced web reputation rating.","creator":"AVAST Software","homepageURL":"http://www.avast.com/"},"visible":true,"active":false,"userDisabled":true,"appDisabled":false,"descriptor":"C:\\Program Files\\AVAST Software\\Avast\\WebRep\\FF","installDate":1435776801104,"updateDate":1435776801104,"applyBackgroundUpdates":1,"bootstrap":false,"size":2179131,"sourceURI":null,"releaseNotesURI":null,"softDisabled":false,"foreignInstall":true,"hasBinaryComponents":false,"strictCompatibility":false,"locales":[],"targetApplications":[{"id":"{ec8030f7-c20a-464f-9b0e-13a3a9e97384}","minVersion":"3.0","maxVersion":"25.0"}],"targetPlatforms":[],"multiprocessCompatible":false,"signedState":0}
1446163906314	addons.xpi	DEBUG	Updating database with changes to installed add-ons
1446163906314	addons.xpi-utils	DEBUG	Updating add-on states
1446163906319	addons.xpi-utils	DEBUG	Writing add-ons list
1446163906335	addons.xpi	DEBUG	Registering manifest for C:\Program Files (x86)\Mozilla Firefox\browser\extensions\{82AF8DCA-6DE9-405D-BD5E-43525BDAD38A}.xpi
1446163906338	addons.xpi	DEBUG	Calling bootstrap method startup on {82AF8DCA-6DE9-405D-BD5E-43525BDAD38A} version 7.4.0.9058
1446163906512	addons.manager	DEBUG	Registering shutdown blocker for XPIProvider
1446163906513	addons.manager	DEBUG	Provider finished startup: XPIProvider
1446163906513	addons.manager	DEBUG	Starting provider: LightweightThemeManager
1446163906513	addons.manager	DEBUG	Registering shutdown blocker for LightweightThemeManager
1446163906513	addons.manager	DEBUG	Provider finished startup: LightweightThemeManager
1446163906514	addons.manager	DEBUG	Starting provider: GMPProvider
1446163906524	addons.manager	DEBUG	Registering shutdown blocker for GMPProvider
1446163906525	addons.manager	DEBUG	Provider finished startup: GMPProvider
1446163906525	addons.manager	DEBUG	Starting provider: PluginProvider
1446163906525	addons.manager	DEBUG	Registering shutdown blocker for PluginProvider
1446163906526	addons.manager	DEBUG	Provider finished startup: PluginProvider
1446163906526	addons.manager	DEBUG	Completed startup sequence
1446163921257	addons.manager	DEBUG	Starting provider: <unnamed-provider>
1446163921257	addons.manager	DEBUG	Registering shutdown blocker for <unnamed-provider>
1446163921259	addons.manager	DEBUG	Provider finished startup: <unnamed-provider>
1446163927171	DeferredSave.extensions.json	DEBUG	Write succeeded
1446163927172	addons.xpi-utils	DEBUG	XPI Database saved, setting schema version preference to 17
1446163927173	DeferredSave.extensions.json	DEBUG	Starting timer
1446163927198	DeferredSave.extensions.json	DEBUG	Starting write
1446163927201	addons.repository	DEBUG	No addons.json found.
1446163927203	DeferredSave.addons.json	DEBUG	Save changes
1446163927208	DeferredSave.addons.json	DEBUG	Starting timer
1446163927234	addons.manager	DEBUG	Starting provider: PreviousExperimentProvider
1446163927235	addons.manager	DEBUG	Registering shutdown blocker for PreviousExperimentProvider
1446163927235	addons.manager	DEBUG	Provider finished startup: PreviousExperimentProvider
1446163927270	DeferredSave.extensions.json	DEBUG	Write succeeded
1446163927271	DeferredSave.addons.json	DEBUG	Starting write
1446163928298	DeferredSave.addons.json	DEBUG	Write succeeded

Build info: version: '2.48.2', revision: '41bccdd10cf2c0560f637404c2d96164b67d9d67', time: '2015-10-09 13:08:06'
System info: host: 'BUBU', ip: '10.0.0.6', os.name: 'Windows 8.1', os.arch: 'amd64', os.version: '6.3', java.version: '1.8.0_45'
Driver info: driver.version: FirefoxDriver]]>
            </message>
            <full-stacktrace>
              <![CDATA[org.openqa.selenium.WebDriverException: Failed to connect to binary FirefoxBinary(C:\Program Files (x86)\Mozilla Firefox\firefox.exe) on port 7055; process output follows: 
"version":"10.2.0.187","type":"extension","internalName":null,"updateURL":"http://firefoxplugin.ff.avast.com/aos/updates.rdf?id=%ITEM_ID%&status=%ITEM_STATUS%&os=%APP_OS%","updateKey":"MIGfMA0GCSqGSIb3DQEBAQUAA4GNADCBiQKBgQDc6F6CPnst0FEpMpqBguj6WJgVaJXY+5FVWXPVZc2o/tv83KHmeMBjy9z8JCerdDVHCKGOHWRO8XWEpaxhdyfsek3wABigweRHlRFNHZxFhSzqJfIbkNVmfzKF2kPjoi881h0V4EqrnGjSIPjW7E5NPM0UH14hqauQaKH66lK5LQIDAQAB","optionsURL":null,"optionsType":null,"aboutURL":null,"iconURL":"chrome://wrc/content/common/skin/img/icon48.png","icon64URL":"chrome://wrc/content/common/skin/img/icon64.png","defaultLocale":{"name":"Avast Online Security","description":"Avast Browser Security and Web Reputation Plugin. Offering protection against known phishing and malware sites, improving your browsing overall browsing experience with crowd sourced web reputation rating.","creator":"AVAST Software","homepageURL":"http://www.avast.com/"},"visible":true,"active":false,"userDisabled":true,"appDisabled":false,"descriptor":"C:\\Program Files\\AVAST Software\\Avast\\WebRep\\FF","installDate":1435776801104,"updateDate":1435776801104,"applyBackgroundUpdates":1,"bootstrap":false,"size":2179131,"sourceURI":null,"releaseNotesURI":null,"softDisabled":false,"foreignInstall":true,"hasBinaryComponents":false,"strictCompatibility":false,"locales":[],"targetApplications":[{"id":"{ec8030f7-c20a-464f-9b0e-13a3a9e97384}","minVersion":"3.0","maxVersion":"25.0"}],"targetPlatforms":[],"multiprocessCompatible":false,"signedState":0}
1446163906314	addons.xpi	DEBUG	Updating database with changes to installed add-ons
1446163906314	addons.xpi-utils	DEBUG	Updating add-on states
1446163906319	addons.xpi-utils	DEBUG	Writing add-ons list
1446163906335	addons.xpi	DEBUG	Registering manifest for C:\Program Files (x86)\Mozilla Firefox\browser\extensions\{82AF8DCA-6DE9-405D-BD5E-43525BDAD38A}.xpi
1446163906338	addons.xpi	DEBUG	Calling bootstrap method startup on {82AF8DCA-6DE9-405D-BD5E-43525BDAD38A} version 7.4.0.9058
1446163906512	addons.manager	DEBUG	Registering shutdown blocker for XPIProvider
1446163906513	addons.manager	DEBUG	Provider finished startup: XPIProvider
1446163906513	addons.manager	DEBUG	Starting provider: LightweightThemeManager
1446163906513	addons.manager	DEBUG	Registering shutdown blocker for LightweightThemeManager
1446163906513	addons.manager	DEBUG	Provider finished startup: LightweightThemeManager
1446163906514	addons.manager	DEBUG	Starting provider: GMPProvider
1446163906524	addons.manager	DEBUG	Registering shutdown blocker for GMPProvider
1446163906525	addons.manager	DEBUG	Provider finished startup: GMPProvider
1446163906525	addons.manager	DEBUG	Starting provider: PluginProvider
1446163906525	addons.manager	DEBUG	Registering shutdown blocker for PluginProvider
1446163906526	addons.manager	DEBUG	Provider finished startup: PluginProvider
1446163906526	addons.manager	DEBUG	Completed startup sequence
1446163921257	addons.manager	DEBUG	Starting provider: <unnamed-provider>
1446163921257	addons.manager	DEBUG	Registering shutdown blocker for <unnamed-provider>
1446163921259	addons.manager	DEBUG	Provider finished startup: <unnamed-provider>
1446163927171	DeferredSave.extensions.json	DEBUG	Write succeeded
1446163927172	addons.xpi-utils	DEBUG	XPI Database saved, setting schema version preference to 17
1446163927173	DeferredSave.extensions.json	DEBUG	Starting timer
1446163927198	DeferredSave.extensions.json	DEBUG	Starting write
1446163927201	addons.repository	DEBUG	No addons.json found.
1446163927203	DeferredSave.addons.json	DEBUG	Save changes
1446163927208	DeferredSave.addons.json	DEBUG	Starting timer
1446163927234	addons.manager	DEBUG	Starting provider: PreviousExperimentProvider
1446163927235	addons.manager	DEBUG	Registering shutdown blocker for PreviousExperimentProvider
1446163927235	addons.manager	DEBUG	Provider finished startup: PreviousExperimentProvider
1446163927270	DeferredSave.extensions.json	DEBUG	Write succeeded
1446163927271	DeferredSave.addons.json	DEBUG	Starting write
1446163928298	DeferredSave.addons.json	DEBUG	Write succeeded

Build info: version: '2.48.2', revision: '41bccdd10cf2c0560f637404c2d96164b67d9d67', time: '2015-10-09 13:08:06'
System info: host: 'BUBU', ip: '10.0.0.6', os.name: 'Windows 8.1', os.arch: 'amd64', os.version: '6.3', java.version: '1.8.0_45'
Driver info: driver.version: FirefoxDriver
	at org.openqa.selenium.firefox.internal.NewProfileExtensionConnection.start(NewProfileExtensionConnection.java:135)
	at org.openqa.selenium.firefox.FirefoxDriver.startClient(FirefoxDriver.java:271)
	at org.openqa.selenium.remote.RemoteWebDriver.<init>(RemoteWebDriver.java:117)
	at org.openqa.selenium.firefox.FirefoxDriver.<init>(FirefoxDriver.java:216)
	at org.openqa.selenium.firefox.FirefoxDriver.<init>(FirefoxDriver.java:211)
	at org.openqa.selenium.firefox.FirefoxDriver.<init>(FirefoxDriver.java:207)
	at org.openqa.selenium.firefox.FirefoxDriver.<init>(FirefoxDriver.java:120)
	at com.org.sampleTest.Test1.initTest(Test1.java:19)
	at sun.reflect.NativeMethodAccessorImpl.invoke0(Native Method)
	at sun.reflect.NativeMethodAccessorImpl.invoke(NativeMethodAccessorImpl.java:62)
	at sun.reflect.DelegatingMethodAccessorImpl.invoke(DelegatingMethodAccessorImpl.java:43)
	at java.lang.reflect.Method.invoke(Method.java:497)
	at org.testng.internal.MethodInvocationHelper.invokeMethod(MethodInvocationHelper.java:80)
	at org.testng.internal.Invoker.invokeConfigurationMethod(Invoker.java:525)
	at org.testng.internal.Invoker.invokeConfigurations(Invoker.java:202)
	at org.testng.internal.Invoker.invokeConfigurations(Invoker.java:130)
	at org.testng.internal.TestMethodWorker.invokeBeforeClassMethods(TestMethodWorker.java:173)
	at org.testng.internal.TestMethodWorker.run(TestMethodWorker.java:105)
	at org.testng.TestRunner.runWorkers(TestRunner.java:1178)
	at org.testng.TestRunner.privateRun(TestRunner.java:757)
	at org.testng.TestRunner.run(TestRunner.java:608)
	at org.testng.SuiteRunner.runTest(SuiteRunner.java:334)
	at org.testng.SuiteRunner.runSequentially(SuiteRunner.java:329)
	at org.testng.SuiteRunner.privateRun(SuiteRunner.java:291)
	at org.testng.SuiteRunner.run(SuiteRunner.java:240)
	at org.testng.SuiteRunnerWorker.runSuite(SuiteRunnerWorker.java:52)
	at org.testng.SuiteRunnerWorker.run(SuiteRunnerWorker.java:86)
	at org.testng.TestNG.runSuitesSequentially(TestNG.java:1158)
	at org.testng.TestNG.runSuitesLocally(TestNG.java:1083)
	at org.testng.TestNG.run(TestNG.java:999)
	at org.apache.maven.surefire.testng.TestNGExecutor.run(TestNGExecutor.java:77)
	at org.apache.maven.surefire.testng.TestNGDirectoryTestSuite.execute(TestNGDirectoryTestSuite.java:110)
	at org.apache.maven.surefire.testng.TestNGProvider.invoke(TestNGProvider.java:106)
	at sun.reflect.NativeMethodAccessorImpl.invoke0(Native Method)
	at sun.reflect.NativeMethodAccessorImpl.invoke(NativeMethodAccessorImpl.java:62)
	at sun.reflect.DelegatingMethodAccessorImpl.invoke(DelegatingMethodAccessorImpl.java:43)
	at java.lang.reflect.Method.invoke(Method.java:497)
	at org.apache.maven.surefire.util.ReflectionUtils.invokeMethodWithArray(ReflectionUtils.java:189)
	at org.apache.maven.surefire.booter.ProviderFactory$ProviderProxy.invoke(ProviderFactory.java:165)
	at org.apache.maven.surefire.booter.ProviderFactory.invokeProvider(ProviderFactory.java:85)
	at org.apache.maven.surefire.booter.ForkedBooter.runSuitesInProcess(ForkedBooter.java:115)
	at org.apache.maven.surefire.booter.ForkedBooter.main(ForkedBooter.java:75)
Caused by: org.openqa.selenium.firefox.NotConnectedException: Unable to connect to host 127.0.0.1 on port 7055 after 45000 ms. Firefox console output:
"version":"10.2.0.187","type":"extension","internalName":null,"updateURL":"http://firefoxplugin.ff.avast.com/aos/updates.rdf?id=%ITEM_ID%&status=%ITEM_STATUS%&os=%APP_OS%","updateKey":"MIGfMA0GCSqGSIb3DQEBAQUAA4GNADCBiQKBgQDc6F6CPnst0FEpMpqBguj6WJgVaJXY+5FVWXPVZc2o/tv83KHmeMBjy9z8JCerdDVHCKGOHWRO8XWEpaxhdyfsek3wABigweRHlRFNHZxFhSzqJfIbkNVmfzKF2kPjoi881h0V4EqrnGjSIPjW7E5NPM0UH14hqauQaKH66lK5LQIDAQAB","optionsURL":null,"optionsType":null,"aboutURL":null,"iconURL":"chrome://wrc/content/common/skin/img/icon48.png","icon64URL":"chrome://wrc/content/common/skin/img/icon64.png","defaultLocale":{"name":"Avast Online Security","description":"Avast Browser Security and Web Reputation Plugin. Offering protection against known phishing and malware sites, improving your browsing overall browsing experience with crowd sourced web reputation rating.","creator":"AVAST Software","homepageURL":"http://www.avast.com/"},"visible":true,"active":false,"userDisabled":true,"appDisabled":false,"descriptor":"C:\\Program Files\\AVAST Software\\Avast\\WebRep\\FF","installDate":1435776801104,"updateDate":1435776801104,"applyBackgroundUpdates":1,"bootstrap":false,"size":2179131,"sourceURI":null,"releaseNotesURI":null,"softDisabled":false,"foreignInstall":true,"hasBinaryComponents":false,"strictCompatibility":false,"locales":[],"targetApplications":[{"id":"{ec8030f7-c20a-464f-9b0e-13a3a9e97384}","minVersion":"3.0","maxVersion":"25.0"}],"targetPlatforms":[],"multiprocessCompatible":false,"signedState":0}
1446163906314	addons.xpi	DEBUG	Updating database with changes to installed add-ons
1446163906314	addons.xpi-utils	DEBUG	Updating add-on states
1446163906319	addons.xpi-utils	DEBUG	Writing add-ons list
1446163906335	addons.xpi	DEBUG	Registering manifest for C:\Program Files (x86)\Mozilla Firefox\browser\extensions\{82AF8DCA-6DE9-405D-BD5E-43525BDAD38A}.xpi
1446163906338	addons.xpi	DEBUG	Calling bootstrap method startup on {82AF8DCA-6DE9-405D-BD5E-43525BDAD38A} version 7.4.0.9058
1446163906512	addons.manager	DEBUG	Registering shutdown blocker for XPIProvider
1446163906513	addons.manager	DEBUG	Provider finished startup: XPIProvider
1446163906513	addons.manager	DEBUG	Starting provider: LightweightThemeManager
1446163906513	addons.manager	DEBUG	Registering shutdown blocker for LightweightThemeManager
1446163906513	addons.manager	DEBUG	Provider finished startup: LightweightThemeManager
1446163906514	addons.manager	DEBUG	Starting provider: GMPProvider
1446163906524	addons.manager	DEBUG	Registering shutdown blocker for GMPProvider
1446163906525	addons.manager	DEBUG	Provider finished startup: GMPProvider
1446163906525	addons.manager	DEBUG	Starting provider: PluginProvider
1446163906525	addons.manager	DEBUG	Registering shutdown blocker for PluginProvider
1446163906526	addons.manager	DEBUG	Provider finished startup: PluginProvider
1446163906526	addons.manager	DEBUG	Completed startup sequence
1446163921257	addons.manager	DEBUG	Starting provider: <unnamed-provider>
1446163921257	addons.manager	DEBUG	Registering shutdown blocker for <unnamed-provider>
1446163921259	addons.manager	DEBUG	Provider finished startup: <unnamed-provider>
1446163927171	DeferredSave.extensions.json	DEBUG	Write succeeded
1446163927172	addons.xpi-utils	DEBUG	XPI Database saved, setting schema version preference to 17
1446163927173	DeferredSave.extensions.json	DEBUG	Starting timer
1446163927198	DeferredSave.extensions.json	DEBUG	Starting write
1446163927201	addons.repository	DEBUG	No addons.json found.
1446163927203	DeferredSave.addons.json	DEBUG	Save changes
1446163927208	DeferredSave.addons.json	DEBUG	Starting timer
1446163927234	addons.manager	DEBUG	Starting provider: PreviousExperimentProvider
1446163927235	addons.manager	DEBUG	Registering shutdown blocker for PreviousExperimentProvider
1446163927235	addons.manager	DEBUG	Provider finished startup: PreviousExperimentProvider
1446163927270	DeferredSave.extensions.json	DEBUG	Write succeeded
1446163927271	DeferredSave.addons.json	DEBUG	Starting write
1446163928298	DeferredSave.addons.json	DEBUG	Write succeeded

	at org.openqa.selenium.firefox.internal.NewProfileExtensionConnection.start(NewProfileExtensionConnection.java:123)
	... 41 more
]]>
            </full-stacktrace>
          </exception>
        </test-method>
        <test-method status="SKIP" signature="testLogin()" name="testLogin" duration-ms="2" started-at="2015-10-29T17:12:26Z" finished-at="2015-10-29T17:12:26Z">
        </test-method>
      </class>
    </test>
  </suite>
</testng-results>
